
   INFO  Processing jobs from the [default] queue.  


   INFO  Processing jobs from the [main_server_updater] queue.  


   INFO  Processing jobs from the [default] queue.  


   INFO  Processing jobs from the [main_server_updater] queue.  


   INFO  Processing jobs from the [default] queue.  


   INFO  Processing jobs from the [main_server_updater] queue.  


   INFO  Processing jobs from the [main_server_updater] queue.  


   INFO  Processing jobs from the [default] queue.  


   INFO  Processing jobs from the [default] queue.  


   INFO  Processing jobs from the [main_server_updater] queue.  


   INFO  Processing jobs from the [default] queue.  


   INFO  Processing jobs from the [main_server_updater] queue.  


   INFO  Processing jobs from the [main_server_updater] queue.  


   INFO  Processing jobs from the [default] queue.  


   INFO  Processing jobs from the [default] queue.  


   INFO  Processing jobs from the [main_server_updater] queue.  


   INFO  Processing jobs from the [default] queue.  


   INFO  Processing jobs from the [main_server_updater] queue.  


   INFO  Processing jobs from the [default] queue.  


   INFO  Processing jobs from the [main_server_updater] queue.  


   INFO  Processing jobs from the [default] queue.  


   INFO  Processing jobs from the [main_server_updater] queue.  


   INFO  Processing jobs from the [default] queue.  


   INFO  Processing jobs from the [main_server_updater] queue.  


   INFO  Processing jobs from the [main_server_updater] queue.  


   INFO  Processing jobs from the [default] queue.  


   INFO  Processing jobs from the [default] queue.  


   INFO  Processing jobs from the [main_server_updater] queue.  


   INFO  Processing jobs from the [main_server_updater] queue.  


   INFO  Processing jobs from the [default] queue.  


   INFO  Processing jobs from the [main_server_updater] queue.  


   INFO  Processing jobs from the [default] queue.  


   INFO  Processing jobs from the [default] queue.  


   INFO  Processing jobs from the [main_server_updater] queue.  


   INFO  Processing jobs from the [main_server_updater] queue.  


   INFO  Processing jobs from the [default] queue.  


   INFO  Processing jobs from the [default] queue.  


   INFO  Processing jobs from the [main_server_updater] queue.  


   INFO  Processing jobs from the [default] queue.  


   INFO  Processing jobs from the [main_server_updater] queue.  


   INFO  Processing jobs from the [default] queue.  


   INFO  Processing jobs from the [main_server_updater] queue.  


   INFO  Processing jobs from the [default] queue.  


   INFO  Processing jobs from the [main_server_updater] queue.  


   INFO  Processing jobs from the [default] queue.  


   INFO  Processing jobs from the [main_server_updater] queue.  


   INFO  Processing jobs from the [default] queue.  


   INFO  Processing jobs from the [main_server_updater] queue.  


   INFO  Processing jobs from the [default] queue.  


   INFO  Processing jobs from the [main_server_updater] queue.  


   INFO  Processing jobs from the [default] queue.  


   INFO  Processing jobs from the [main_server_updater] queue.  


   INFO  Processing jobs from the [default] queue.  


   INFO  Processing jobs from the [main_server_updater] queue.  


   INFO  Processing jobs from the [default] queue.  


   INFO  Processing jobs from the [main_server_updater] queue.  


   INFO  Processing jobs from the [default] queue.  


   INFO  Processing jobs from the [main_server_updater] queue.  


   INFO  Processing jobs from the [default] queue.  


   INFO  Processing jobs from the [main_server_updater] queue.  


   INFO  Processing jobs from the [default] queue.  


   INFO  Processing jobs from the [main_server_updater] queue.  


   INFO  Processing jobs from the [default] queue.  


   INFO  Processing jobs from the [main_server_updater] queue.  


   INFO  Processing jobs from the [default] queue.  


   INFO  Processing jobs from the [main_server_updater] queue.  


   INFO  Processing jobs from the [default] queue.  


   INFO  Processing jobs from the [main_server_updater] queue.  


   INFO  Processing jobs from the [default] queue.  


   INFO  Processing jobs from the [main_server_updater] queue.  


   INFO  Processing jobs from the [default] queue.  


   INFO  Processing jobs from the [main_server_updater] queue.  


   INFO  Processing jobs from the [default] queue.  


   INFO  Processing jobs from the [main_server_updater] queue.  


   INFO  Processing jobs from the [default] queue.  


   INFO  Processing jobs from the [main_server_updater] queue.  


   INFO  Processing jobs from the [default] queue.  


   INFO  Processing jobs from the [main_server_updater] queue.  


   INFO  Processing jobs from the [default] queue.  


   INFO  Processing jobs from the [main_server_updater] queue.  

  2022-11-03 22:21:52 App\Jobs\SendIntoStreamProvider ........ 1,354.86ms DONE
  2022-11-03 22:22:05 App\Jobs\UpdateMainServer ................ 792.50ms DONE
  2022-11-03 22:24:18 App\Jobs\SendIntoStreamProvider ........ 1,038.90ms DONE
  2022-11-03 22:25:01 App\Jobs\SendIntoStreamProvider .......... 950.60ms DONE
  2022-11-03 22:25:03 App\Jobs\UpdateMainServer ................ 587.74ms DONE
  2022-11-03 22:25:03 App\Jobs\UpdateMainServer ................ 541.81ms DONE
  2022-11-03 22:27:05 App\Jobs\SendIntoStreamProvider ........ 1,072.58ms DONE
  2022-11-03 22:28:04 App\Jobs\UpdateMainServer ................ 748.51ms DONE

   INFO  Processing jobs from the [main_server_updater] queue.  


   INFO  Processing jobs from the [default] queue.  

  2022-11-03 22:29:35 App\Jobs\SendIntoStreamProvider ........ 1,312.68ms DONE
  2022-11-03 22:30:04 App\Jobs\UpdateMainServer ................ 737.45ms DONE

   INFO  Processing jobs from the [default] queue.  


   INFO  Processing jobs from the [main_server_updater] queue.  

  2022-11-03 22:33:35 App\Jobs\SendIntoStreamProvider ........ 3,015.67ms DONE
  2022-11-03 22:33:39 App\Jobs\UpdateMainServer ................ 981.56ms DONE

   INFO  Processing jobs from the [main_server_updater] queue.  


   INFO  Processing jobs from the [default] queue.  

  2022-11-03 22:36:31 App\Jobs\SendIntoStreamProvider ........ 3,423.43ms DONE
  2022-11-03 22:36:37 App\Jobs\UpdateMainServer ................ 675.54ms DONE
  2022-11-03 22:43:08 App\Jobs\UpdateMainServer ................ 738.10ms DONE
  2022-11-03 22:43:09 App\Jobs\UpdateMainServer ................ 529.64ms DONE
  2022-11-03 22:48:02 App\Jobs\DownloadWithXargsstring(6) "setp 1"
string(36) "b4bf2b5f-77e5-4c87-8990-42fb7d054fcc"
string(6) "step 2"
string(21) "/var/www/node1/public"
string(12) "exit code: 0"
 ............. 2,984.15ms DONE
  2022-11-03 22:48:05 App\Jobs\DownloadWithXargsstring(6) "setp 1"
string(36) "b4bf2b5f-77e5-4c87-8990-42fb7d054fcc"
string(6) "step 2"
string(21) "/var/www/node1/public"
string(12) "exit code: 0"
 ............. 1,521.72ms DONE
  2022-11-03 22:48:07 App\Jobs\UploadWiths5cmdstring(58) "/var/www/node1/public/b4bf2b5f-77e5-4c87-8990-42fb7d054fcc"
 ............... 4,928.32ms DONE
  2022-11-03 22:48:11 App\Jobs\UploadWiths5cmdstring(58) "/var/www/node1/public/b4bf2b5f-77e5-4c87-8990-42fb7d054fcc"
 ................. 110.18ms FAIL
  2022-11-03 22:48:13 App\Jobs\UpdateMainServer ................ 723.60ms DONE
  2022-11-03 22:58:09 App\Jobs\SendIntoStreamProvider ........ 1,740.08ms DONE
  2022-11-03 22:58:14 App\Jobs\UpdateMainServer .............. 1,516.27ms DONE
  2022-11-03 22:59:03 App\Jobs\UpdateMainServer ................ 570.02ms DONE
  2022-11-03 23:00:02 App\Jobs\DownloadWithXargsstring(6) "setp 1"
string(36) "b4bf2b5f-77e5-4c87-8990-42fb7d054fcc"
  2022-11-03 23:07:10 App\Jobs\SendIntoStreamProvider ........ 1,555.76ms DONE
  2022-11-03 23:07:13 App\Jobs\UpdateMainServer ................ 739.69ms DONE
  2022-11-03 23:08:02 App\Jobs\UpdateMainServer ................ 560.62ms DONE
  2022-11-03 23:09:03 App\Jobs\DownloadWithXargsstring(6) "setp 1"
string(36) "b4bf2b5f-77e5-4c87-8990-42fb7d054fcc"
string(6) "step 2"
string(21) "/var/www/node1/public"
string(12) "exit code: 0"
 ............. 1,770.39ms DONE
  2022-11-03 23:09:05 App\Jobs\UploadWiths5cmdstring(58) "/var/www/node1/public/b4bf2b5f-77e5-4c87-8990-42fb7d054fcc"
 ............... 4,681.43ms DONE
  2022-11-03 23:09:12 App\Jobs\UpdateMainServer ................ 568.66ms DONE
  2022-11-03 23:10:06 App\Jobs\SendIntoStreamProvider  2022-11-03 23:11:04 App\Jobs\UpdateMainServer ................ 796.34ms DONE

   INFO  Processing jobs from the [default] queue.  

  2022-11-03 23:14:20 App\Jobs\SendIntoStreamProvider ....... 16,302.65ms DONE
  2022-11-03 23:14:37 App\Jobs\UpdateMainServer .............. 1,801.08ms DONE
  2022-11-03 23:15:06 App\Jobs\UpdateMainServer ................ 811.86ms DONE
  2022-11-03 23:16:04 App\Jobs\UpdateMainServer ................ 541.15ms DONE
  2022-11-03 23:17:05 App\Jobs\UpdateMainServer ................ 586.96ms DONE
  2022-11-03 23:18:06 App\Jobs\UpdateMainServer ................ 711.68ms DONE
  2022-11-03 23:19:03 App\Jobs\UpdateMainServer ................ 542.46ms DONE
  2022-11-03 23:19:57 App\Jobs\SendIntoStreamProvider  2022-11-03 23:20:06 App\Jobs\UpdateMainServer ................ 517.33ms DONE
 ....... 25,317.99ms DONE
  2022-11-03 23:20:24 App\Jobs\UpdateMainServer ................ 507.54ms DONE
  2022-11-03 23:21:04 App\Jobs\UpdateMainServer ................ 512.04ms DONE
  2022-11-03 23:21:04 App\Jobs\UpdateMainServer ................ 553.68ms DONE
  2022-11-03 23:22:05 App\Jobs\UpdateMainServer ................ 752.00ms DONE
  2022-11-03 23:22:06 App\Jobs\UpdateMainServer ................ 605.01ms DONE
  2022-11-03 23:23:03 App\Jobs\UpdateMainServer ................ 548.17ms DONE
  2022-11-03 23:23:04 App\Jobs\UpdateMainServer ................ 567.45ms DONE
  2022-11-03 23:24:05 App\Jobs\UpdateMainServer ................ 708.01ms DONE
  2022-11-03 23:24:05 App\Jobs\UpdateMainServer ................ 755.37ms DONE
  2022-11-03 23:25:03 App\Jobs\UpdateMainServer ................ 530.94ms DONE
  2022-11-03 23:25:04 App\Jobs\UpdateMainServer ................ 560.00ms DONE
  2022-11-03 23:26:04 App\Jobs\UpdateMainServer ................ 726.37ms DONE
  2022-11-03 23:26:05 App\Jobs\UpdateMainServer ................ 587.36ms DONE
  2022-11-03 23:27:06 App\Jobs\UpdateMainServer ................ 637.05ms DONE
  2022-11-03 23:28:04 App\Jobs\UpdateMainServer ................ 622.70ms DONE
  2022-11-03 23:28:44 App\Jobs\DownloadWithXargsstring(6) "setp 1"
string(36) "b4bf2b5f-77e5-4c87-8990-42fb7d054fcc"
string(6) "step 2"
string(21) "/var/www/node1/public"
  2022-11-03 23:29:04 App\Jobs\UpdateMainServer ................ 795.55ms DONE
string(12) "exit code: 0"
 ............ 64,996.34ms DONE
  2022-11-03 23:30:04 App\Jobs\UploadWiths5cmdstring(58) "/var/www/node1/public/b4bf2b5f-77e5-4c87-8990-42fb7d054fcc"
  2022-11-03 23:30:05 App\Jobs\UpdateMainServer ................ 685.37ms DONE
 .............. 36,345.34ms DONE
  2022-11-03 23:30:42 App\Jobs\UpdateMainServer ................ 647.04ms DONE
  2022-11-03 23:31:04 App\Jobs\UpdateMainServer ................ 618.06ms DONE
  2022-11-03 23:32:04 App\Jobs\UpdateMainServer ................ 554.79ms DONE
  2022-11-03 23:33:05 App\Jobs\UpdateMainServer ................ 586.90ms DONE
  2022-11-03 23:34:03 App\Jobs\UpdateMainServer .............. 1,163.81ms DONE
  2022-11-03 23:35:04 App\Jobs\UpdateMainServer ................ 613.95ms DONE
  2022-11-03 23:36:05 App\Jobs\UpdateMainServer ................ 782.27ms DONE

   INFO  Processing jobs from the [main_server_updater] queue.  

  2022-11-03 23:37:05 App\Jobs\UpdateMainServer ................ 828.89ms DONE
  2022-11-03 23:38:03 App\Jobs\UpdateMainServer ................ 565.15ms DONE
  2022-11-03 23:39:03 App\Jobs\UpdateMainServer ................ 516.86ms DONE
